0 info it worked if it ends with ok
1 verbose cli [ '/usr/bin/node',
1 verbose cli   '/usr/bin/npm',
1 verbose cli   'i',
1 verbose cli   '--save-dev',
1 verbose cli   'gulp-source-stream' ]
2 info using npm@1.4.28
3 info using node@v0.10.38
4 verbose node symlink /usr/bin/node
5 warn package.json malar@1.0.0 No description
6 warn package.json malar@1.0.0 No README data
7 verbose readDependencies using package.json deps
8 verbose cache add [ 'gulp-source-stream', null ]
9 verbose cache add name=undefined spec="gulp-source-stream" args=["gulp-source-stream",null]
10 verbose parsed url { protocol: null,
10 verbose parsed url   slashes: null,
10 verbose parsed url   auth: null,
10 verbose parsed url   host: null,
10 verbose parsed url   port: null,
10 verbose parsed url   hostname: null,
10 verbose parsed url   hash: null,
10 verbose parsed url   search: null,
10 verbose parsed url   query: null,
10 verbose parsed url   pathname: 'gulp-source-stream',
10 verbose parsed url   path: 'gulp-source-stream',
10 verbose parsed url   href: 'gulp-source-stream' }
11 silly lockFile 4791cef5-gulp-source-stream gulp-source-stream
12 verbose lock gulp-source-stream /home/seaman/.npm/4791cef5-gulp-source-stream.lock
13 silly lockFile 4791cef5-gulp-source-stream gulp-source-stream
14 silly lockFile 4791cef5-gulp-source-stream gulp-source-stream
15 verbose addNamed [ 'gulp-source-stream', '' ]
16 verbose addNamed [ null, '*' ]
17 silly lockFile d1c86b4d-gulp-source-stream gulp-source-stream@
18 verbose lock gulp-source-stream@ /home/seaman/.npm/d1c86b4d-gulp-source-stream.lock
19 silly addNameRange { name: 'gulp-source-stream', range: '*', hasData: false }
20 verbose request where is /gulp-source-stream
21 verbose request registry https://registry.npmjs.org/
22 verbose request id 7861381bd6daef03
23 verbose url raw /gulp-source-stream
24 verbose url resolving [ 'https://registry.npmjs.org/', './gulp-source-stream' ]
25 verbose url resolved https://registry.npmjs.org/gulp-source-stream
26 verbose request where is https://registry.npmjs.org/gulp-source-stream
27 info trying registry request attempt 1 at 02:00:15
28 http GET https://registry.npmjs.org/gulp-source-stream
29 http 404 https://registry.npmjs.org/gulp-source-stream
30 verbose headers { date: 'Fri, 27 Mar 2015 23:00:16 GMT',
30 verbose headers   server: 'CouchDB/1.5.0 (Erlang OTP/R16B03)',
30 verbose headers   'content-type': 'application/json',
30 verbose headers   'cache-control': 'max-age=0',
30 verbose headers   'content-length': '51',
30 verbose headers   'accept-ranges': 'bytes',
30 verbose headers   via: '1.1 varnish',
30 verbose headers   age: '0',
30 verbose headers   'x-served-by': 'cache-fra1220-FRA',
30 verbose headers   'x-cache': 'MISS',
30 verbose headers   'x-cache-hits': '0',
30 verbose headers   'x-timer': 'S1427497215.893030,VS0,VE107',
30 verbose headers   'keep-alive': 'timeout=10, max=50',
30 verbose headers   connection: 'Keep-Alive' }
31 silly registry.get cb [ 404,
31 silly registry.get   { date: 'Fri, 27 Mar 2015 23:00:16 GMT',
31 silly registry.get     server: 'CouchDB/1.5.0 (Erlang OTP/R16B03)',
31 silly registry.get     'content-type': 'application/json',
31 silly registry.get     'cache-control': 'max-age=0',
31 silly registry.get     'content-length': '51',
31 silly registry.get     'accept-ranges': 'bytes',
31 silly registry.get     via: '1.1 varnish',
31 silly registry.get     age: '0',
31 silly registry.get     'x-served-by': 'cache-fra1220-FRA',
31 silly registry.get     'x-cache': 'MISS',
31 silly registry.get     'x-cache-hits': '0',
31 silly registry.get     'x-timer': 'S1427497215.893030,VS0,VE107',
31 silly registry.get     'keep-alive': 'timeout=10, max=50',
31 silly registry.get     connection: 'Keep-Alive' } ]
32 silly lockFile d1c86b4d-gulp-source-stream gulp-source-stream@
33 silly lockFile d1c86b4d-gulp-source-stream gulp-source-stream@
34 error 404 404 Not Found: gulp-source-stream
34 error 404
34 error 404 'gulp-source-stream' is not in the npm registry.
34 error 404 You should bug the author to publish it
34 error 404 It was specified as a dependency of 'malar'
34 error 404
34 error 404 Note that you can also install from a
34 error 404 tarball, folder, or http url, or git url.
35 error System Linux 3.13.0-43-generic
36 error command "/usr/bin/node" "/usr/bin/npm" "i" "--save-dev" "gulp-source-stream"
37 error cwd /home/seaman/prog/malar
38 error node -v v0.10.38
39 error npm -v 1.4.28
40 error code E404
41 verbose exit [ 1, true ]
